#-----------------------------------------------------------
# Vivado v2019.1 (64-bit)
# SW Build 2552052 on Fri May 24 14:47:09 MDT 2019
# IP Build 2548770 on Fri May 24 18:01:18 MDT 2019
# Start of session at: Fri May 20 00:49:05 2022
# Process ID: 32486
# Current directory: /home/wes/projects/capstone/oot_modules/rfnoc-capstone/rfnoc/fpga/rfnoc_block_conv/build-ip/xc7z020clg484-3
# Command line: vivado -mode batch -source /home/wes/projects/dependencies/uhd/fpga/usrp3/tools/scripts/viv_generate_ip.tcl -log axi_conv.log -nojournal
# Log file: /home/wes/projects/capstone/oot_modules/rfnoc-capstone/rfnoc/fpga/rfnoc_block_conv/build-ip/xc7z020clg484-3/axi_conv.log
# Journal file: 
#-----------------------------------------------------------
source /home/wes/projects/dependencies/uhd/fpga/usrp3/tools/scripts/viv_generate_ip.tcl
# set xci_file         $::env(XCI_FILE)               ;
# set part_name        $::env(PART_NAME)              ;
# set gen_example_proj $::env(GEN_EXAMPLE)            ;
# set synth_ip         $::env(SYNTH_IP)               ;
# set ip_name [file rootname [file tail $xci_file]]   ;
# file delete -force "$xci_file.out"
# create_project -part $part_name -in_memory -ip
# set_property target_simulator XSim [current_project]
# add_files -norecurse -force $xci_file
INFO: [IP_Flow 19-234] Refreshing IP repositories
INFO: [IP_Flow 19-1704] No user IP repositories specified
INFO: [IP_Flow 19-2313] Loaded Vivado IP repository '/opt/Xilinx/Vivado/2019.1/data/ip'.
# reset_target all [get_files $xci_file]
# puts "BUILDER: Generating IP Target..."
BUILDER: Generating IP Target...
# generate_target all [get_files $xci_file]
INFO: [IP_Flow 19-1686] Generating 'Instantiation Template' target for IP 'axi_conv'...
INFO: [IP_Flow 19-1686] Generating 'Synthesis' target for IP 'axi_conv'...
INFO: [IP_Flow 19-1686] Generating 'Simulation' target for IP 'axi_conv'...
INFO: [IP_Flow 19-1686] Generating 'Test Bench' target for IP 'axi_conv'...
INFO: [IP_Flow 19-1686] Generating 'Change Log' target for IP 'axi_conv'...
# if [string match $synth_ip "1"] {
#     puts "BUILDER: Synthesizing IP Target..."
#     synth_ip [get_ips $ip_name]
# }
# if [string match $gen_example_proj "1"] {
#     puts "BUILDER: Generating Example Design..."
#     open_example_project -force -dir . [get_ips $ip_name]
# }
# close_project
# if { [get_msg_config -count -severity ERROR] == 0 } {
#     # Write output cookie file
#     set outfile [open "$xci_file.out" w]
#     puts $outfile "This file was auto-generated by viv_generate_ip.tcl and signifies that IP generation is done."
#     close $outfile
# } else {
#     exit 1
# }
INFO: [Common 17-206] Exiting Vivado at Fri May 20 00:49:27 2022...
